.android/plugins_build_output/flutter_secure_storage/outputs/logs/manifest-merger-debug-report.txt
-- Merging decision tree log ---
manifest
ADDED from src\main\AndroidManifest.xml:1:1-5:12
INJECTED from src\main\AndroidManifest.xml:1:1-5:12
INJECTED from src\main\AndroidManifest.xml:1:1-5:12
	package
		ADDED from src\main\AndroidManifest.xml:3:5-49
		INJECTED from src\main\AndroidManifest.xml
		INJECTED from src\main\AndroidManifest.xml
	xmlns:tools
		ADDED from src\main\AndroidManifest.xml:2:5-51
	xmlns:android
		ADDED from src\main\AndroidManifest.xml:1:1-5:12
uses-sdk
ADDED from src\main\AndroidManifest.xml:4:5-58
INJECTED from src\main\AndroidManifest.xml:4:5-58
INJECTED from src\main\AndroidManifest.xml:4:5-58
INJECTED from src\main\AndroidManifest.xml:4:5-58
INJECTED from src\main\AndroidManifest.xml:4:5-58
	tools:overrideLibrary
		ADDED from src\main\AndroidManifest.xml:4:15-56
	android:targetSdkVersion
		INJECTED from src\main\AndroidManifest.xml
		ADDED from src\main\AndroidManifest.xml:4:5-58
		INJECTED from src\main\AndroidManifest.xml
	android:minSdkVersion
		INJECTED from src\main\AndroidManifest.xml
		ADDED from src\main\AndroidManifest.xml:4:5-58
		INJECTED from src\main\AndroidManifest.xml